<?xml version="1.0" encoding="UTF-8"?>
<!-- Generated by org.testng.reporters.JUnitXMLReporter -->
<testsuite ignored="0" hostname="DELL-C0HKRC2" failures="0" tests="6" name="Test" time="42.693" errors="0" timestamp="2022-08-24T21:24:26 ART">
  <testcase classname="pruebas.Laboratorio8" name="login" time="5.291"/>
  <testcase classname="pruebas.Laboratorio8" name="login" time="6.095"/>
  <testcase classname="pruebas.Laboratorio8" name="login" time="8.69"/>
  <testcase classname="pruebas.Laboratorio8" name="login" time="5.42"/>
  <testcase classname="pruebas.Laboratorio8" name="login" time="9.139"/>
  <testcase classname="pruebas.Laboratorio8" name="login" time="6.821"/>
</testsuite> <!-- Test -->
